PSI Design and Analysis
Version: 0.0.1 
Design Codes: All Codes

Input File: cantilever.inp 

*** Preprocessing, initializing analysis...
*** Switching to base units.
*** Assembling system stiffness and force matrices.
*** Solving system equations for displacements.
*** Post processing elements...
*** Calculating support reactions and internal forces.
*** Writing loadcase results data.
*** Element code checking.
*** Code checking complete.
*** Writing code checking results data.
*** Analysis complete!



PSI 0.0.1, DATE: 2020-06-20 TIME: 07:20 AM
JOB NAME: None
LICENSED TO: PSI Community
REACTIONS : Support Reactions Report


L1 (OPE) W[1] + P[1] + T[1] + F[1]


          --------- FORCES (lbf) ---------     ------ MOMENTS (foot*lbf) ------

NODE              FX        FY        FZ             MX        MY        MZ

10              -0.0   10404.4       0.0            0.0       0.0  102022.0
20               0.0       0.0       0.0            0.0       0.0       0.0




PSI 0.0.1, DATE: 2020-06-20 TIME: 07:20 AM
JOB NAME: None
LICENSED TO: PSI Community
MOVEMENTS : Displacement Report


L1 (OPE) W[1] + P[1] + T[1] + F[1]


          ----- TRANSLATIONS (inch) -----     ------- ROTATIONS (deg) -------

NODE              DX        DY        DZ             RX        RY        RZ

10             0.000    -0.000     0.000         0.0000    0.0000   -0.0000
20             0.362    -1.233     0.000         0.0000   -0.0000   -0.0154




PSI 0.0.1, DATE: 2020-06-20 TIME: 07:20 AM
JOB NAME: None
LICENSED TO: PSI Community
FORCES : Element Forces Report


L1-L2 (EXP) L1 + L2


          --------- FORCES (lbf) ---------     ------ MOMENTS (foot*lbf) ------

NODE              FX        FY        FZ             MX        MY        MZ

10        -1060417.3       0.0       0.0            0.0       0.0       0.0
20         1060417.3       0.0       0.0            0.0       0.0       0.0




PSI 0.0.1, DATE: 2020-06-20 TIME: 07:20 AM
JOB NAME: None
LICENSED TO: PSI Community
STRESSES : Element Stresses Report


L2 (SUS) W[1] + P[1] + F[1]


          ---------------------- STRESSES (psi) ----------------------

NODE            HOOP     AXIAL   TORSION  PRESSURE   BENDING      CODE

10            3310.9       0.0       0.0    1655.5   40804.5   42460.0
20            3310.9       0.0       0.0    1655.5     135.2    1790.7





